quicklocker/app/build/intermediates/manifest_merge_blame_file/debug/manifest-merger-blame-debug-report.txt
1<?xml version="1.0" encoding="utf-8"?>
2<manifest xmlns:android="http://schemas.android.com/apk/res/android"
3    package="com.example.quicklocker"
4    android:versionCode="1"
5    android:versionName="1.0" >
6
7    <uses-sdk
8        android:minSdkVersion="17"
8-->src/main/AndroidManifest.xml
9        android:targetSdkVersion="29" />
9-->src/main/AndroidManifest.xml
10    <!-- 외부저장소에 읽기 쓰기 권한 요청, 앱 전용 데이터로 저장하는 경우 sdk 18 이후부터는 권한 요청이 필요 없음 -->
11    <uses-permission android:name="android.permission.VIBRATE" />
11-->src/main/AndroidManifest.xml:5:5-66
11-->src/main/AndroidManifest.xml:5:22-63
12    <uses-permission android:name="android.permission.FOREGROUND_SERVICE" />
12-->src/main/AndroidManifest.xml:6:5-77
12-->src/main/AndroidManifest.xml:6:22-74
13    <uses-permission android:name="android.permission.WRITE_EXTERNAL_STORAGE" />
13-->src/main/AndroidManifest.xml:7:5-81
13-->src/main/AndroidManifest.xml:7:22-78
14    <!-- 부팅이 완료될 때 브로트캐스트 수신을 위한 권한 요청 -->
15    <uses-permission android:name="android.permission.RECEIVE_BOOT_COMPLETED" />
15-->src/main/AndroidManifest.xml:9:5-81
15-->src/main/AndroidManifest.xml:9:22-78
16
17    <application
17-->src/main/AndroidManifest.xml:11:5-43:19
18        android:allowBackup="true"
18-->src/main/AndroidManifest.xml:12:9-35
19        android:appComponentFactory="androidx.core.app.CoreComponentFactory"
19-->[androidx.core:core:1.2.0] AndroidManifest.xml:24:18-86
20        android:debuggable="true"
21        android:icon="@mipmap/ic_launcher"
21-->src/main/AndroidManifest.xml:13:9-43
22        android:label="@string/app_name"
22-->src/main/AndroidManifest.xml:14:9-41
23        android:roundIcon="@mipmap/ic_launcher_round"
23-->src/main/AndroidManifest.xml:15:9-54
24        android:supportsRtl="true"
24-->src/main/AndroidManifest.xml:16:9-35
25        android:testOnly="true"
26        android:theme="@style/AppTheme" >
26-->src/main/AndroidManifest.xml:17:9-40
27        <activity android:name="com.example.quicklocker.QuizLockerActivity" />
27-->src/main/AndroidManifest.xml:18:9-65
27-->src/main/AndroidManifest.xml:18:19-53
28
29        <service
29-->src/main/AndroidManifest.xml:20:9-23:39
30            android:name="com.example.quicklocker.LockScreenService"
30-->src/main/AndroidManifest.xml:21:13-46
31            android:enabled="true"
31-->src/main/AndroidManifest.xml:22:13-35
32            android:exported="true" />
32-->src/main/AndroidManifest.xml:23:13-36
33
34        <activity android:name="com.example.quicklocker.ScreenOffExActivity" />
34-->src/main/AndroidManifest.xml:25:9-66
34-->src/main/AndroidManifest.xml:25:19-54
35        <activity android:name="com.example.quicklocker.PrefFragmentActivity" />
35-->src/main/AndroidManifest.xml:26:9-58
35-->src/main/AndroidManifest.xml:26:19-55
36        <activity android:name="com.example.quicklocker.PrefExActivity" />
36-->src/main/AndroidManifest.xml:27:9-52
36-->src/main/AndroidManifest.xml:27:19-49
37        <activity android:name="com.example.quicklocker.FileExActivity" />
37-->src/main/AndroidManifest.xml:28:9-52
37-->src/main/AndroidManifest.xml:28:19-49
38        <activity android:name="com.example.quicklocker.MainActivity" >
38-->src/main/AndroidManifest.xml:29:9-35:20
38-->src/main/AndroidManifest.xml:29:19-47
39            <intent-filter>
39-->src/main/AndroidManifest.xml:30:13-34:29
40                <action android:name="android.intent.action.MAIN" />
40-->src/main/AndroidManifest.xml:31:17-69
40-->src/main/AndroidManifest.xml:31:25-66
41
42                <category android:name="android.intent.category.LAUNCHER" />
42-->src/main/AndroidManifest.xml:33:17-77
42-->src/main/AndroidManifest.xml:33:27-74
43            </intent-filter>
44        </activity> <!-- 암시적 인텐트로 실행되는 브로드캐스트 리시버 등록 -->
45        <receiver
45-->src/main/AndroidManifest.xml:36:9-42:20
46            android:name="com.example.quicklocker.BootCompleteReceiver"
46-->src/main/AndroidManifest.xml:37:13-49
47            android:exported="true" >
47-->src/main/AndroidManifest.xml:38:13-36
48            <intent-filter>
48-->src/main/AndroidManifest.xml:39:13-41:29
49                <action android:name="android.intent.action.BOOT_COMPLETED" />
49-->src/main/AndroidManifest.xml:40:17-79
49-->src/main/AndroidManifest.xml:40:25-76
50            </intent-filter>
51        </receiver>
52    </application>
53
54</manifest>